<?xml version="1.0" encoding="UTF-8"?>
<testng-results skipped="0" failed="0" ignored="0" total="1" passed="1">
  <reporter-output>
  </reporter-output>
  <suite name="Default suite" duration-ms="21311" started-at="2022-09-10T20:40:51 IST" finished-at="2022-09-10T20:41:12 IST">
    <groups>
    </groups>
    <test name="Default test" duration-ms="21311" started-at="2022-09-10T20:40:51 IST" finished-at="2022-09-10T20:41:12 IST">
      <class name="genericLirbrary.BaseClass">
        <test-method status="PASS" signature="createConn()[pri:0, instance:genericLirbrary.BaseClass@401e7803]" name="createConn" is-config="true" duration-ms="19" started-at="2022-09-10T20:40:51 IST" finished-at="2022-09-10T20:40:51 IST">
          <reporter-output>
          </reporter-output>
        </test-method> <!-- createConn -->
        <test-method status="PASS" signature="openBrowser()[pri:0, instance:genericLirbrary.BaseClass@401e7803]" name="openBrowser" is-config="true" duration-ms="6295" started-at="2022-09-10T20:40:51 IST" finished-at="2022-09-10T20:40:57 IST">
          <reporter-output>
          </reporter-output>
        </test-method> <!-- openBrowser -->
        <test-method status="PASS" signature="login()[pri:0, instance:genericLirbrary.BaseClass@401e7803]" name="login" is-config="true" duration-ms="7190" started-at="2022-09-10T20:40:57 IST" finished-at="2022-09-10T20:41:04 IST">
          <reporter-output>
          </reporter-output>
        </test-method> <!-- login -->
        <test-method status="PASS" signature="m()[pri:0, instance:genericLirbrary.BaseClass@401e7803]" name="m" duration-ms="53" started-at="2022-09-10T20:41:04 IST" finished-at="2022-09-10T20:41:04 IST">
          <reporter-output>
          </reporter-output>
        </test-method> <!-- m -->
        <test-method status="PASS" signature="logout()[pri:0, instance:genericLirbrary.BaseClass@401e7803]" name="logout" is-config="true" duration-ms="7500" started-at="2022-09-10T20:41:04 IST" finished-at="2022-09-10T20:41:12 IST">
          <reporter-output>
          </reporter-output>
        </test-method> <!-- logout -->
        <test-method status="PASS" signature="closeBrowser()[pri:0, instance:genericLirbrary.BaseClass@401e7803]" name="closeBrowser" is-config="true" duration-ms="192" started-at="2022-09-10T20:41:12 IST" finished-at="2022-09-10T20:41:12 IST">
          <reporter-output>
          </reporter-output>
        </test-method> <!-- closeBrowser -->
        <test-method status="PASS" signature="closeConn()[pri:0, instance:genericLirbrary.BaseClass@401e7803]" name="closeConn" is-config="true" duration-ms="1" started-at="2022-09-10T20:41:12 IST" finished-at="2022-09-10T20:41:12 IST">
          <reporter-output>
          </reporter-output>
        </test-method> <!-- closeConn -->
      </class> <!-- genericLirbrary.BaseClass -->
    </test> <!-- Default test -->
  </suite> <!-- Default suite -->
</testng-results>
