<?xml version="1.0" encoding="UTF-8"?>
<testng-results skipped="0" failed="0" ignored="0" total="2" passed="2">
  <reporter-output>
  </reporter-output>
  <suite name="Suite" duration-ms="55708" started-at="2022-09-16T20:55:45 IST" finished-at="2022-09-16T20:56:41 IST">
    <groups>
      <group name="regression">
        <method signature="PurchaseOrderTest.withoutItems()[pri:0, instance:com.crm.VTiger.TestCases.PurchaseOrderTest@eb21112]" name="withoutItems" class="com.crm.VTiger.TestCases.PurchaseOrderTest"/>
        <method signature="PurchaseOrderTest.withoutItems()[pri:0, instance:com.crm.VTiger.TestCases.PurchaseOrderTest@4ae82894]" name="withoutItems" class="com.crm.VTiger.TestCases.PurchaseOrderTest"/>
      </group> <!-- regression -->
    </groups>
    <test name="Test2" duration-ms="54012" started-at="2022-09-16T20:55:45 IST" finished-at="2022-09-16T20:56:39 IST">
      <class name="com.crm.VTiger.TestCases.PurchaseOrderTest">
        <test-method status="PASS" signature="createConn()[pri:0, instance:com.crm.VTiger.TestCases.PurchaseOrderTest@4ae82894]" name="createConn" is-config="true" duration-ms="22" started-at="2022-09-16T20:55:45 IST" finished-at="2022-09-16T20:55:45 IST">
          <reporter-output>
          </reporter-output>
        </test-method> <!-- createConn -->
        <test-method status="PASS" signature="openBrowser()[pri:0, instance:com.crm.VTiger.TestCases.PurchaseOrderTest@4ae82894]" name="openBrowser" is-config="true" duration-ms="8479" started-at="2022-09-16T20:55:46 IST" finished-at="2022-09-16T20:55:54 IST">
          <reporter-output>
          </reporter-output>
        </test-method> <!-- openBrowser -->
        <test-method status="PASS" signature="login()[pri:0, instance:com.crm.VTiger.TestCases.PurchaseOrderTest@4ae82894]" name="login" is-config="true" duration-ms="16156" started-at="2022-09-16T20:55:54 IST" finished-at="2022-09-16T20:56:11 IST">
          <reporter-output>
          </reporter-output>
        </test-method> <!-- login -->
        <test-method status="PASS" signature="withoutItems()[pri:0, instance:com.crm.VTiger.TestCases.PurchaseOrderTest@4ae82894]" name="withoutItems" duration-ms="23404" started-at="2022-09-16T20:56:11 IST" finished-at="2022-09-16T20:56:34 IST">
          <reporter-output>
          </reporter-output>
        </test-method> <!-- withoutItems -->
        <test-method status="PASS" signature="logout()[pri:0, instance:com.crm.VTiger.TestCases.PurchaseOrderTest@4ae82894]" name="logout" is-config="true" duration-ms="4307" started-at="2022-09-16T20:56:34 IST" finished-at="2022-09-16T20:56:38 IST">
          <reporter-output>
          </reporter-output>
        </test-method> <!-- logout -->
        <test-method status="PASS" signature="closeBrowser()[pri:0, instance:com.crm.VTiger.TestCases.PurchaseOrderTest@4ae82894]" name="closeBrowser" is-config="true" duration-ms="1114" started-at="2022-09-16T20:56:38 IST" finished-at="2022-09-16T20:56:39 IST">
          <reporter-output>
          </reporter-output>
        </test-method> <!-- closeBrowser -->
        <test-method status="PASS" signature="closeConn()[pri:0, instance:com.crm.VTiger.TestCases.PurchaseOrderTest@4ae82894]" name="closeConn" is-config="true" duration-ms="1" started-at="2022-09-16T20:56:41 IST" finished-at="2022-09-16T20:56:41 IST">
          <reporter-output>
          </reporter-output>
        </test-method> <!-- closeConn -->
      </class> <!-- com.crm.VTiger.TestCases.PurchaseOrderTest -->
    </test> <!-- Test2 -->
    <test name="Test1" duration-ms="55708" started-at="2022-09-16T20:55:45 IST" finished-at="2022-09-16T20:56:41 IST">
      <class name="com.crm.VTiger.TestCases.PurchaseOrderTest">
        <test-method status="PASS" signature="openBrowser()[pri:0, instance:com.crm.VTiger.TestCases.PurchaseOrderTest@eb21112]" name="openBrowser" is-config="true" duration-ms="8492" started-at="2022-09-16T20:55:46 IST" finished-at="2022-09-16T20:55:54 IST">
          <reporter-output>
          </reporter-output>
        </test-method> <!-- openBrowser -->
        <test-method status="PASS" signature="login()[pri:0, instance:com.crm.VTiger.TestCases.PurchaseOrderTest@eb21112]" name="login" is-config="true" duration-ms="18714" started-at="2022-09-16T20:55:54 IST" finished-at="2022-09-16T20:56:13 IST">
          <reporter-output>
          </reporter-output>
        </test-method> <!-- login -->
        <test-method status="PASS" signature="withoutItems()[pri:0, instance:com.crm.VTiger.TestCases.PurchaseOrderTest@eb21112]" name="withoutItems" duration-ms="19858" started-at="2022-09-16T20:56:13 IST" finished-at="2022-09-16T20:56:33 IST">
          <reporter-output>
          </reporter-output>
        </test-method> <!-- withoutItems -->
        <test-method status="PASS" signature="logout()[pri:0, instance:com.crm.VTiger.TestCases.PurchaseOrderTest@eb21112]" name="logout" is-config="true" duration-ms="5103" started-at="2022-09-16T20:56:33 IST" finished-at="2022-09-16T20:56:38 IST">
          <reporter-output>
          </reporter-output>
        </test-method> <!-- logout -->
        <test-method status="PASS" signature="closeBrowser()[pri:0, instance:com.crm.VTiger.TestCases.PurchaseOrderTest@eb21112]" name="closeBrowser" is-config="true" duration-ms="3007" started-at="2022-09-16T20:56:38 IST" finished-at="2022-09-16T20:56:41 IST">
          <reporter-output>
          </reporter-output>
        </test-method> <!-- closeBrowser -->
      </class> <!-- com.crm.VTiger.TestCases.PurchaseOrderTest -->
    </test> <!-- Test1 -->
  </suite> <!-- Suite -->
</testng-results>
